<?xml version="1.0" encoding="UTF-8"?>
<!-- Generated by org.testng.reporters.JUnitReportReporter -->
<testsuite hostname="LAPTOP3670" failures="0" tests="4" name="APITests" time="2.294" errors="0" timestamp="27 Apr 2023 10:48:40 GMT" skipped="0">
  <testcase classname="APITests" name="test2_get" time="0.181"/>
  <testcase classname="APITests" name="test4_Delete" time="0.202"/>
  <testcase classname="APITests" name="test3_post" time="0.194"/>
  <testcase classname="APITests" name="test1_get" time="1.717"/>
</testsuite> <!-- APITests -->
